2025-12-21T18:46:52.651197+00:00 WARNING 'ansible_navigator.main' Path `/navigator/ansible.cfg` does not exist. Falling back to non-strict resolution.
2025-12-21T18:46:54.933283+00:00 CRITICAL 'ansible_navigator.actions.run_playbook._handle_message' Unhandled message from runner queue, discarded: {'event': 'verbose', 'uuid': '4e66d480-7ffe-4d41-8657-0669eebd5475', 'counter': 1, 'stdout': '\x1b[0;34mUsing /navigator/ansible.cfg as config file\x1b[0m', 'start_line': 0, 'end_line': 1, 'runner_ident': '69075e01-6e32-4dfa-8100-572230221f9f', 'created': '2025-12-21T18:46:54.931659+00:00'}
2025-12-21T18:47:23.941517+00:00 WARNING 'ansible_navigator.run' Dirty exit, killing the pid
2025-12-21T18:50:07.312355+00:00 WARNING 'ansible_navigator.main' Path `/navigator/ansible.cfg` does not exist. Falling back to non-strict resolution.
2025-12-21T18:50:08.701746+00:00 CRITICAL 'ansible_navigator.actions.run_playbook._handle_message' Unhandled message from runner queue, discarded: {'event': 'verbose', 'uuid': '7e276302-35c7-4b24-afd5-7c818442efad', 'counter': 1, 'stdout': '\x1b[0;34mUsing /navigator/ansible.cfg as config file\x1b[0m', 'start_line': 0, 'end_line': 1, 'runner_ident': 'f3824a20-a5a4-43bf-8fe5-04fc127d757b', 'created': '2025-12-21T18:50:08.696546+00:00'}
2025-12-21T18:50:10.125071+00:00 ERROR 'ansible_navigator.actions.run_playbook.write_artifact' Saving the artifact file failed, resulted in the following error: f[Errno 13] Permission denied: '/navigator'
Traceback (most recent call last):
  File "/usr/lib/python3.12/pathlib.py", line 1313, in mkdir
    os.mkdir(self, mode)
FileNotFoundError: [Errno 2] No such file or directory: '/navigator/artifacts/playbooks/test'

During handling of the above exception, another exception occurred:

Traceback (most recent call last):
  File "/usr/lib/python3.12/pathlib.py", line 1313, in mkdir
    os.mkdir(self, mode)
FileNotFoundError: [Errno 2] No such file or directory: '/navigator/artifacts/playbooks'

During handling of the above exception, another exception occurred:

Traceback (most recent call last):
  File "/usr/lib/python3.12/pathlib.py", line 1313, in mkdir
    os.mkdir(self, mode)
FileNotFoundError: [Errno 2] No such file or directory: '/navigator/artifacts'

During handling of the above exception, another exception occurred:

Traceback (most recent call last):
  File "/home/jelle/.venvs/ansible-navigator/lib/python3.12/site-packages/ansible_navigator/actions/run.py", line 931, in write_artifact
    Path(Path(filename).parent).mkdir(parents=True, exist_ok=True)
  File "/usr/lib/python3.12/pathlib.py", line 1317, in mkdir
    self.parent.mkdir(parents=True, exist_ok=True)
  File "/usr/lib/python3.12/pathlib.py", line 1317, in mkdir
    self.parent.mkdir(parents=True, exist_ok=True)
  File "/usr/lib/python3.12/pathlib.py", line 1317, in mkdir
    self.parent.mkdir(parents=True, exist_ok=True)
  File "/usr/lib/python3.12/pathlib.py", line 1313, in mkdir
    os.mkdir(self, mode)
PermissionError: [Errno 13] Permission denied: '/navigator'
2025-12-21T18:51:32.488657+00:00 WARNING 'ansible_navigator.main' Path `/navigator/ansible.cfg` does not exist. Falling back to non-strict resolution.
2025-12-21T18:51:33.902174+00:00 CRITICAL 'ansible_navigator.actions.run_playbook._handle_message' Unhandled message from runner queue, discarded: {'event': 'verbose', 'uuid': '58769c63-2f87-429f-9600-8ea896083d94', 'counter': 1, 'stdout': '\x1b[0;34mUsing /navigator/ansible.cfg as config file\x1b[0m', 'start_line': 0, 'end_line': 1, 'runner_ident': '12dc6eb9-854e-4d9d-b129-b3b856bbc3de', 'created': '2025-12-21T18:51:33.893619+00:00'}
2025-12-21T18:51:33.976605+00:00 CRITICAL 'ansible_navigator.actions.run_playbook._handle_message' Unhandled message from runner queue, discarded: {'event': 'verbose', 'uuid': 'e6f6abcc-6f11-4fca-95c6-378f3cfc8472', 'counter': 2, 'stdout': '\x1b[1;35m[WARNING]: Unable to parse /mnt/e/repos/homelab/inventories/lab/vesta.yaml as\x1b[0m', 'start_line': 1, 'end_line': 2, 'runner_ident': '12dc6eb9-854e-4d9d-b129-b3b856bbc3de', 'created': '2025-12-21T18:51:33.975096+00:00'}
2025-12-21T18:51:33.976966+00:00 CRITICAL 'ansible_navigator.actions.run_playbook._handle_message' Unhandled message from runner queue, discarded: {'event': 'verbose', 'uuid': 'ae41c5e6-c507-473f-940b-8f162b8eefb2', 'counter': 3, 'stdout': '\x1b[1;35man inventory source\x1b[0m', 'start_line': 2, 'end_line': 3, 'runner_ident': '12dc6eb9-854e-4d9d-b129-b3b856bbc3de', 'created': '2025-12-21T18:51:33.975207+00:00'}
2025-12-21T18:51:33.977243+00:00 CRITICAL 'ansible_navigator.actions.run_playbook._handle_message' Unhandled message from runner queue, discarded: {'event': 'verbose', 'uuid': '2d440a01-b6d5-436f-88e8-7f4f4f79f66c', 'counter': 4, 'stdout': '\x1b[1;35m[WARNING]: No inventory was parsed, only implicit localhost is available\x1b[0m', 'start_line': 3, 'end_line': 4, 'runner_ident': '12dc6eb9-854e-4d9d-b129-b3b856bbc3de', 'created': '2025-12-21T18:51:33.975247+00:00'}
2025-12-21T18:51:33.987671+00:00 CRITICAL 'ansible_navigator.actions.run_playbook._handle_message' Unhandled message from runner queue, discarded: {'event': 'verbose', 'uuid': '8c5e67c5-1a96-4d89-bc28-5eef9fd5edd8', 'counter': 5, 'stdout': '\x1b[1;35m[WARNING]: provided hosts list is empty, only localhost is available. Note that\x1b[0m', 'start_line': 4, 'end_line': 5, 'runner_ident': '12dc6eb9-854e-4d9d-b129-b3b856bbc3de', 'created': '2025-12-21T18:51:33.979680+00:00'}
2025-12-21T18:51:33.988088+00:00 CRITICAL 'ansible_navigator.actions.run_playbook._handle_message' Unhandled message from runner queue, discarded: {'event': 'verbose', 'uuid': '89f530cf-318f-440a-8698-b0388790a68c', 'counter': 6, 'stdout': "\x1b[1;35mthe implicit localhost does not match 'all'\x1b[0m", 'start_line': 5, 'end_line': 6, 'runner_ident': '12dc6eb9-854e-4d9d-b129-b3b856bbc3de', 'created': '2025-12-21T18:51:33.979729+00:00'}
2025-12-21T18:51:34.960778+00:00 ERROR 'ansible_navigator.actions.run_playbook.write_artifact' Saving the artifact file failed, resulted in the following error: f[Errno 13] Permission denied: '/navigator'
Traceback (most recent call last):
  File "/usr/lib/python3.12/pathlib.py", line 1313, in mkdir
    os.mkdir(self, mode)
FileNotFoundError: [Errno 2] No such file or directory: '/navigator/artifacts/playbooks/test'

During handling of the above exception, another exception occurred:

Traceback (most recent call last):
  File "/usr/lib/python3.12/pathlib.py", line 1313, in mkdir
    os.mkdir(self, mode)
FileNotFoundError: [Errno 2] No such file or directory: '/navigator/artifacts/playbooks'

During handling of the above exception, another exception occurred:

Traceback (most recent call last):
  File "/usr/lib/python3.12/pathlib.py", line 1313, in mkdir
    os.mkdir(self, mode)
FileNotFoundError: [Errno 2] No such file or directory: '/navigator/artifacts'

During handling of the above exception, another exception occurred:

Traceback (most recent call last):
  File "/home/jelle/.venvs/ansible-navigator/lib/python3.12/site-packages/ansible_navigator/actions/run.py", line 931, in write_artifact
    Path(Path(filename).parent).mkdir(parents=True, exist_ok=True)
  File "/usr/lib/python3.12/pathlib.py", line 1317, in mkdir
    self.parent.mkdir(parents=True, exist_ok=True)
  File "/usr/lib/python3.12/pathlib.py", line 1317, in mkdir
    self.parent.mkdir(parents=True, exist_ok=True)
  File "/usr/lib/python3.12/pathlib.py", line 1317, in mkdir
    self.parent.mkdir(parents=True, exist_ok=True)
  File "/usr/lib/python3.12/pathlib.py", line 1313, in mkdir
    os.mkdir(self, mode)
PermissionError: [Errno 13] Permission denied: '/navigator'
2025-12-21T18:51:42.585684+00:00 WARNING 'ansible_navigator.main' Path `/navigator/ansible.cfg` does not exist. Falling back to non-strict resolution.
2025-12-21T18:51:43.949942+00:00 CRITICAL 'ansible_navigator.actions.run_playbook._handle_message' Unhandled message from runner queue, discarded: {'event': 'verbose', 'uuid': '00e84825-80b1-4a47-8685-2c1d5d743841', 'counter': 1, 'stdout': '\x1b[0;34mUsing /navigator/ansible.cfg as config file\x1b[0m', 'start_line': 0, 'end_line': 1, 'runner_ident': 'c66d7614-1063-41a3-8d0b-d711e6caeabc', 'created': '2025-12-21T18:51:43.945849+00:00'}
2025-12-21T18:51:45.166216+00:00 ERROR 'ansible_navigator.actions.run_playbook.write_artifact' Saving the artifact file failed, resulted in the following error: f[Errno 13] Permission denied: '/navigator'
Traceback (most recent call last):
  File "/usr/lib/python3.12/pathlib.py", line 1313, in mkdir
    os.mkdir(self, mode)
FileNotFoundError: [Errno 2] No such file or directory: '/navigator/artifacts/playbooks/test'

During handling of the above exception, another exception occurred:

Traceback (most recent call last):
  File "/usr/lib/python3.12/pathlib.py", line 1313, in mkdir
    os.mkdir(self, mode)
FileNotFoundError: [Errno 2] No such file or directory: '/navigator/artifacts/playbooks'

During handling of the above exception, another exception occurred:

Traceback (most recent call last):
  File "/usr/lib/python3.12/pathlib.py", line 1313, in mkdir
    os.mkdir(self, mode)
FileNotFoundError: [Errno 2] No such file or directory: '/navigator/artifacts'

During handling of the above exception, another exception occurred:

Traceback (most recent call last):
  File "/home/jelle/.venvs/ansible-navigator/lib/python3.12/site-packages/ansible_navigator/actions/run.py", line 931, in write_artifact
    Path(Path(filename).parent).mkdir(parents=True, exist_ok=True)
  File "/usr/lib/python3.12/pathlib.py", line 1317, in mkdir
    self.parent.mkdir(parents=True, exist_ok=True)
  File "/usr/lib/python3.12/pathlib.py", line 1317, in mkdir
    self.parent.mkdir(parents=True, exist_ok=True)
  File "/usr/lib/python3.12/pathlib.py", line 1317, in mkdir
    self.parent.mkdir(parents=True, exist_ok=True)
  File "/usr/lib/python3.12/pathlib.py", line 1313, in mkdir
    os.mkdir(self, mode)
PermissionError: [Errno 13] Permission denied: '/navigator'
2025-12-21T18:52:08.825038+00:00 WARNING 'ansible_navigator.main' Path `/navigator/ansible.cfg` does not exist. Falling back to non-strict resolution.
2025-12-21T18:52:10.214898+00:00 CRITICAL 'ansible_navigator.actions.run_playbook._handle_message' Unhandled message from runner queue, discarded: {'event': 'verbose', 'uuid': 'ea9fac7b-2553-44e4-91e9-867236fe1cdf', 'counter': 1, 'stdout': '\x1b[0;34mUsing /navigator/ansible.cfg as config file\x1b[0m', 'start_line': 0, 'end_line': 1, 'runner_ident': '9055538f-e0a6-4030-bb87-a191a003b0d2', 'created': '2025-12-21T18:52:10.206098+00:00'}
2025-12-21T18:52:12.211339+00:00 ERROR 'ansible_navigator.actions.run_playbook.write_artifact' Saving the artifact file failed, resulted in the following error: f[Errno 13] Permission denied: '/navigator'
Traceback (most recent call last):
  File "/usr/lib/python3.12/pathlib.py", line 1313, in mkdir
    os.mkdir(self, mode)
FileNotFoundError: [Errno 2] No such file or directory: '/navigator/artifacts/playbooks/test'

During handling of the above exception, another exception occurred:

Traceback (most recent call last):
  File "/usr/lib/python3.12/pathlib.py", line 1313, in mkdir
    os.mkdir(self, mode)
FileNotFoundError: [Errno 2] No such file or directory: '/navigator/artifacts/playbooks'

During handling of the above exception, another exception occurred:

Traceback (most recent call last):
  File "/usr/lib/python3.12/pathlib.py", line 1313, in mkdir
    os.mkdir(self, mode)
FileNotFoundError: [Errno 2] No such file or directory: '/navigator/artifacts'

During handling of the above exception, another exception occurred:

Traceback (most recent call last):
  File "/home/jelle/.venvs/ansible-navigator/lib/python3.12/site-packages/ansible_navigator/actions/run.py", line 931, in write_artifact
    Path(Path(filename).parent).mkdir(parents=True, exist_ok=True)
  File "/usr/lib/python3.12/pathlib.py", line 1317, in mkdir
    self.parent.mkdir(parents=True, exist_ok=True)
  File "/usr/lib/python3.12/pathlib.py", line 1317, in mkdir
    self.parent.mkdir(parents=True, exist_ok=True)
  File "/usr/lib/python3.12/pathlib.py", line 1317, in mkdir
    self.parent.mkdir(parents=True, exist_ok=True)
  File "/usr/lib/python3.12/pathlib.py", line 1313, in mkdir
    os.mkdir(self, mode)
PermissionError: [Errno 13] Permission denied: '/navigator'
2025-12-21T20:12:06.886667+00:00 WARNING 'ansible_navigator.main' Path `/navigator/ansible.cfg` does not exist. Falling back to non-strict resolution.
2025-12-21T20:12:08.295369+00:00 CRITICAL 'ansible_navigator.actions.run_playbook._handle_message' Unhandled message from runner queue, discarded: {'event': 'verbose', 'uuid': '5951b389-7cc4-47f5-88e2-1f24dea0d167', 'counter': 1, 'stdout': '\x1b[0;34mUsing /navigator/ansible.cfg as config file\x1b[0m', 'start_line': 0, 'end_line': 1, 'runner_ident': '61653973-002c-490c-8517-064808688ba0', 'created': '2025-12-21T20:12:08.295075+00:00'}
2025-12-21T20:12:09.588389+00:00 ERROR 'ansible_navigator.actions.run_playbook.write_artifact' Saving the artifact file failed, resulted in the following error: f[Errno 13] Permission denied: '/navigator'
Traceback (most recent call last):
  File "/usr/lib/python3.12/pathlib.py", line 1313, in mkdir
    os.mkdir(self, mode)
FileNotFoundError: [Errno 2] No such file or directory: '/navigator/artifacts/playbooks/test'

During handling of the above exception, another exception occurred:

Traceback (most recent call last):
  File "/usr/lib/python3.12/pathlib.py", line 1313, in mkdir
    os.mkdir(self, mode)
FileNotFoundError: [Errno 2] No such file or directory: '/navigator/artifacts/playbooks'

During handling of the above exception, another exception occurred:

Traceback (most recent call last):
  File "/usr/lib/python3.12/pathlib.py", line 1313, in mkdir
    os.mkdir(self, mode)
FileNotFoundError: [Errno 2] No such file or directory: '/navigator/artifacts'

During handling of the above exception, another exception occurred:

Traceback (most recent call last):
  File "/home/jelle/.venvs/ansible-navigator/lib/python3.12/site-packages/ansible_navigator/actions/run.py", line 931, in write_artifact
    Path(Path(filename).parent).mkdir(parents=True, exist_ok=True)
  File "/usr/lib/python3.12/pathlib.py", line 1317, in mkdir
    self.parent.mkdir(parents=True, exist_ok=True)
  File "/usr/lib/python3.12/pathlib.py", line 1317, in mkdir
    self.parent.mkdir(parents=True, exist_ok=True)
  File "/usr/lib/python3.12/pathlib.py", line 1317, in mkdir
    self.parent.mkdir(parents=True, exist_ok=True)
  File "/usr/lib/python3.12/pathlib.py", line 1313, in mkdir
    os.mkdir(self, mode)
PermissionError: [Errno 13] Permission denied: '/navigator'
2025-12-21T20:13:09.601315+00:00 WARNING 'ansible_navigator.main' Path `/navigator/ansible.cfg` does not exist. Falling back to non-strict resolution.
2025-12-21T20:13:11.122004+00:00 CRITICAL 'ansible_navigator.actions.run_playbook._handle_message' Unhandled message from runner queue, discarded: {'event': 'verbose', 'uuid': '3b9abaa7-bfba-4260-af9d-b24449353e5a', 'counter': 1, 'stdout': '\x1b[0;34mUsing /navigator/ansible.cfg as config file\x1b[0m', 'start_line': 0, 'end_line': 1, 'runner_ident': 'a4d2a0b3-c47f-4831-8254-a66c0b854f65', 'created': '2025-12-21T20:13:11.119934+00:00'}
2025-12-21T20:13:12.469654+00:00 ERROR 'ansible_navigator.actions.run_playbook.write_artifact' Saving the artifact file failed, resulted in the following error: f[Errno 13] Permission denied: '/navigator'
Traceback (most recent call last):
  File "/usr/lib/python3.12/pathlib.py", line 1313, in mkdir
    os.mkdir(self, mode)
FileNotFoundError: [Errno 2] No such file or directory: '/navigator/artifacts/playbooks/test'

During handling of the above exception, another exception occurred:

Traceback (most recent call last):
  File "/usr/lib/python3.12/pathlib.py", line 1313, in mkdir
    os.mkdir(self, mode)
FileNotFoundError: [Errno 2] No such file or directory: '/navigator/artifacts/playbooks'

During handling of the above exception, another exception occurred:

Traceback (most recent call last):
  File "/usr/lib/python3.12/pathlib.py", line 1313, in mkdir
    os.mkdir(self, mode)
FileNotFoundError: [Errno 2] No such file or directory: '/navigator/artifacts'

During handling of the above exception, another exception occurred:

Traceback (most recent call last):
  File "/home/jelle/.venvs/ansible-navigator/lib/python3.12/site-packages/ansible_navigator/actions/run.py", line 931, in write_artifact
    Path(Path(filename).parent).mkdir(parents=True, exist_ok=True)
  File "/usr/lib/python3.12/pathlib.py", line 1317, in mkdir
    self.parent.mkdir(parents=True, exist_ok=True)
  File "/usr/lib/python3.12/pathlib.py", line 1317, in mkdir
    self.parent.mkdir(parents=True, exist_ok=True)
  File "/usr/lib/python3.12/pathlib.py", line 1317, in mkdir
    self.parent.mkdir(parents=True, exist_ok=True)
  File "/usr/lib/python3.12/pathlib.py", line 1313, in mkdir
    os.mkdir(self, mode)
PermissionError: [Errno 13] Permission denied: '/navigator'
2025-12-21T20:13:26.237678+00:00 WARNING 'ansible_navigator.main' Path `/navigator/ansible.cfg` does not exist. Falling back to non-strict resolution.
2025-12-21T20:13:27.640903+00:00 CRITICAL 'ansible_navigator.actions.run_playbook._handle_message' Unhandled message from runner queue, discarded: {'event': 'verbose', 'uuid': 'f36338fc-4b1c-47ae-b303-5c294ca8bbe9', 'counter': 1, 'stdout': '\x1b[0;34mUsing /navigator/ansible.cfg as config file\x1b[0m', 'start_line': 0, 'end_line': 1, 'runner_ident': '79ee0b61-84c3-42f3-bc35-69588b2c363f', 'created': '2025-12-21T20:13:27.637419+00:00'}
2025-12-21T20:13:27.805527+00:00 CRITICAL 'ansible_navigator.actions.run_playbook._handle_message' Unhandled message from runner queue, discarded: {'event': 'verbose', 'uuid': '081258da-1c94-49f0-a2dc-07b63fb2c1e1', 'counter': 2, 'stdout': "\x1b[0;31mERROR! The defaults/main.yml file for role 'ssh' must contain a dictionary of variables\x1b[0m", 'start_line': 1, 'end_line': 2, 'runner_ident': '79ee0b61-84c3-42f3-bc35-69588b2c363f', 'created': '2025-12-21T20:13:27.803557+00:00'}
2025-12-21T20:13:28.707298+00:00 ERROR 'ansible_navigator.actions.run_playbook.write_artifact' Saving the artifact file failed, resulted in the following error: f[Errno 13] Permission denied: '/navigator'
Traceback (most recent call last):
  File "/usr/lib/python3.12/pathlib.py", line 1313, in mkdir
    os.mkdir(self, mode)
FileNotFoundError: [Errno 2] No such file or directory: '/navigator/artifacts/playbooks/deploy_homelab'

During handling of the above exception, another exception occurred:

Traceback (most recent call last):
  File "/usr/lib/python3.12/pathlib.py", line 1313, in mkdir
    os.mkdir(self, mode)
FileNotFoundError: [Errno 2] No such file or directory: '/navigator/artifacts/playbooks'

During handling of the above exception, another exception occurred:

Traceback (most recent call last):
  File "/usr/lib/python3.12/pathlib.py", line 1313, in mkdir
    os.mkdir(self, mode)
FileNotFoundError: [Errno 2] No such file or directory: '/navigator/artifacts'

During handling of the above exception, another exception occurred:

Traceback (most recent call last):
  File "/home/jelle/.venvs/ansible-navigator/lib/python3.12/site-packages/ansible_navigator/actions/run.py", line 931, in write_artifact
    Path(Path(filename).parent).mkdir(parents=True, exist_ok=True)
  File "/usr/lib/python3.12/pathlib.py", line 1317, in mkdir
    self.parent.mkdir(parents=True, exist_ok=True)
  File "/usr/lib/python3.12/pathlib.py", line 1317, in mkdir
    self.parent.mkdir(parents=True, exist_ok=True)
  File "/usr/lib/python3.12/pathlib.py", line 1317, in mkdir
    self.parent.mkdir(parents=True, exist_ok=True)
  File "/usr/lib/python3.12/pathlib.py", line 1313, in mkdir
    os.mkdir(self, mode)
PermissionError: [Errno 13] Permission denied: '/navigator'
2025-12-21T20:14:48.812582+00:00 WARNING 'ansible_navigator.main' Path `/navigator/ansible.cfg` does not exist. Falling back to non-strict resolution.
2025-12-21T20:14:50.191225+00:00 CRITICAL 'ansible_navigator.actions.run_playbook._handle_message' Unhandled message from runner queue, discarded: {'event': 'verbose', 'uuid': 'ac73fca2-9a8b-4cd5-afb3-8f66b2dbaa8e', 'counter': 1, 'stdout': '\x1b[0;34mUsing /navigator/ansible.cfg as config file\x1b[0m', 'start_line': 0, 'end_line': 1, 'runner_ident': 'f68df395-71f4-46ab-91eb-04b0341c307b', 'created': '2025-12-21T20:14:50.181763+00:00'}
2025-12-21T20:14:50.419798+00:00 CRITICAL 'ansible_navigator.actions.run_playbook._handle_message' Unhandled message from runner queue, discarded: {'event': 'verbose', 'uuid': '11e22be9-41c4-4af5-bb8a-ed8cf20851a3', 'counter': 2, 'stdout': "\x1b[0;31mERROR! couldn't resolve module/action 'ansible.posix.authorized_key'. This often indicates a misspelling, missing collection, or incorrect module path.\x1b[0m", 'start_line': 1, 'end_line': 2, 'runner_ident': 'f68df395-71f4-46ab-91eb-04b0341c307b', 'created': '2025-12-21T20:14:50.415359+00:00'}
2025-12-21T20:14:50.420156+00:00 CRITICAL 'ansible_navigator.actions.run_playbook._handle_message' Unhandled message from runner queue, discarded: {'event': 'verbose', 'uuid': '36a18ea4-b237-4af7-a86e-74bf224dcc48', 'counter': 3, 'stdout': '\x1b[0;31m\x1b[0m', 'start_line': 2, 'end_line': 3, 'runner_ident': 'f68df395-71f4-46ab-91eb-04b0341c307b', 'created': '2025-12-21T20:14:50.415442+00:00'}
2025-12-21T20:14:50.420429+00:00 CRITICAL 'ansible_navigator.actions.run_playbook._handle_message' Unhandled message from runner queue, discarded: {'event': 'verbose', 'uuid': '9611da38-3631-43e4-84dd-aefcac2adb2b', 'counter': 4, 'stdout': "\x1b[0;31mThe error appears to be in '/navigator/roles/ssh/tasks/main.yml': line 45, column 3, but may\x1b[0m", 'start_line': 3, 'end_line': 4, 'runner_ident': 'f68df395-71f4-46ab-91eb-04b0341c307b', 'created': '2025-12-21T20:14:50.415464+00:00'}
2025-12-21T20:14:50.420689+00:00 CRITICAL 'ansible_navigator.actions.run_playbook._handle_message' Unhandled message from runner queue, discarded: {'event': 'verbose', 'uuid': '56d10265-5892-448a-9660-346068bfdcc0', 'counter': 5, 'stdout': '\x1b[0;31mbe elsewhere in the file depending on the exact syntax problem.\x1b[0m', 'start_line': 4, 'end_line': 5, 'runner_ident': 'f68df395-71f4-46ab-91eb-04b0341c307b', 'created': '2025-12-21T20:14:50.415481+00:00'}
2025-12-21T20:14:50.421000+00:00 CRITICAL 'ansible_navigator.actions.run_playbook._handle_message' Unhandled message from runner queue, discarded: {'event': 'verbose', 'uuid': '1d5ca2a9-9c68-4829-a8e0-478b8d94da81', 'counter': 6, 'stdout': '\x1b[0;31m\x1b[0m', 'start_line': 5, 'end_line': 6, 'runner_ident': 'f68df395-71f4-46ab-91eb-04b0341c307b', 'created': '2025-12-21T20:14:50.415498+00:00'}
2025-12-21T20:14:50.421285+00:00 CRITICAL 'ansible_navigator.actions.run_playbook._handle_message' Unhandled message from runner queue, discarded: {'event': 'verbose', 'uuid': 'de8566a7-07c8-4cb0-9331-add08dc8467e', 'counter': 7, 'stdout': '\x1b[0;31mThe offending line appears to be:\x1b[0m', 'start_line': 6, 'end_line': 7, 'runner_ident': 'f68df395-71f4-46ab-91eb-04b0341c307b', 'created': '2025-12-21T20:14:50.415511+00:00'}
2025-12-21T20:14:50.421535+00:00 CRITICAL 'ansible_navigator.actions.run_playbook._handle_message' Unhandled message from runner queue, discarded: {'event': 'verbose', 'uuid': '11246426-5b47-4421-9ea1-5cdc222d375a', 'counter': 8, 'stdout': '\x1b[0;31m\x1b[0m', 'start_line': 7, 'end_line': 8, 'runner_ident': 'f68df395-71f4-46ab-91eb-04b0341c307b', 'created': '2025-12-21T20:14:50.415523+00:00'}
2025-12-21T20:14:50.421803+00:00 CRITICAL 'ansible_navigator.actions.run_playbook._handle_message' Unhandled message from runner queue, discarded: {'event': 'verbose', 'uuid': '1d9324be-0ca2-4e72-86f3-68c477d64ef7', 'counter': 9, 'stdout': '\x1b[0;31m\x1b[0m', 'start_line': 8, 'end_line': 9, 'runner_ident': 'f68df395-71f4-46ab-91eb-04b0341c307b', 'created': '2025-12-21T20:14:50.415534+00:00'}
2025-12-21T20:14:50.422079+00:00 CRITICAL 'ansible_navigator.actions.run_playbook._handle_message' Unhandled message from runner queue, discarded: {'event': 'verbose', 'uuid': '9bec4820-84a2-45b9-87d0-ba68a9e8c791', 'counter': 10, 'stdout': '\x1b[0;31m- name: Install SSH public key for user (like ssh-copy-id)\x1b[0m', 'start_line': 9, 'end_line': 10, 'runner_ident': 'f68df395-71f4-46ab-91eb-04b0341c307b', 'created': '2025-12-21T20:14:50.415603+00:00'}
2025-12-21T20:14:50.422311+00:00 CRITICAL 'ansible_navigator.actions.run_playbook._handle_message' Unhandled message from runner queue, discarded: {'event': 'verbose', 'uuid': '28de9f0b-eff0-4d2b-8d03-0164b3b15105', 'counter': 11, 'stdout': '\x1b[0;31m  ^ here\x1b[0m', 'start_line': 10, 'end_line': 11, 'runner_ident': 'f68df395-71f4-46ab-91eb-04b0341c307b', 'created': '2025-12-21T20:14:50.415656+00:00'}
2025-12-21T20:14:51.323260+00:00 ERROR 'ansible_navigator.actions.run_playbook.write_artifact' Saving the artifact file failed, resulted in the following error: f[Errno 13] Permission denied: '/navigator'
Traceback (most recent call last):
  File "/usr/lib/python3.12/pathlib.py", line 1313, in mkdir
    os.mkdir(self, mode)
FileNotFoundError: [Errno 2] No such file or directory: '/navigator/artifacts/playbooks/deploy_homelab'

During handling of the above exception, another exception occurred:

Traceback (most recent call last):
  File "/usr/lib/python3.12/pathlib.py", line 1313, in mkdir
    os.mkdir(self, mode)
FileNotFoundError: [Errno 2] No such file or directory: '/navigator/artifacts/playbooks'

During handling of the above exception, another exception occurred:

Traceback (most recent call last):
  File "/usr/lib/python3.12/pathlib.py", line 1313, in mkdir
    os.mkdir(self, mode)
FileNotFoundError: [Errno 2] No such file or directory: '/navigator/artifacts'

During handling of the above exception, another exception occurred:

Traceback (most recent call last):
  File "/home/jelle/.venvs/ansible-navigator/lib/python3.12/site-packages/ansible_navigator/actions/run.py", line 931, in write_artifact
    Path(Path(filename).parent).mkdir(parents=True, exist_ok=True)
  File "/usr/lib/python3.12/pathlib.py", line 1317, in mkdir
    self.parent.mkdir(parents=True, exist_ok=True)
  File "/usr/lib/python3.12/pathlib.py", line 1317, in mkdir
    self.parent.mkdir(parents=True, exist_ok=True)
  File "/usr/lib/python3.12/pathlib.py", line 1317, in mkdir
    self.parent.mkdir(parents=True, exist_ok=True)
  File "/usr/lib/python3.12/pathlib.py", line 1313, in mkdir
    os.mkdir(self, mode)
PermissionError: [Errno 13] Permission denied: '/navigator'
2025-12-21T20:18:11.181182+00:00 WARNING 'ansible_navigator.main' Path `/navigator/ansible.cfg` does not exist. Falling back to non-strict resolution.
2025-12-21T20:18:12.559337+00:00 CRITICAL 'ansible_navigator.actions.run_playbook._handle_message' Unhandled message from runner queue, discarded: {'event': 'verbose', 'uuid': '5111770e-71ac-4b24-8f80-129a7af20c90', 'counter': 1, 'stdout': '\x1b[0;34mUsing /navigator/ansible.cfg as config file\x1b[0m', 'start_line': 0, 'end_line': 1, 'runner_ident': '7bc8d85a-7b9f-4744-8e9e-2e786c3d64cd', 'created': '2025-12-21T20:18:12.554175+00:00'}
2025-12-21T20:18:12.772608+00:00 CRITICAL 'ansible_navigator.actions.run_playbook._handle_message' Unhandled message from runner queue, discarded: {'event': 'verbose', 'uuid': '0f62b36e-4ffd-42d7-944d-53b542ca3f03', 'counter': 2, 'stdout': "\x1b[0;31mERROR! couldn't resolve module/action 'ansible.posix.authorized_key'. This often indicates a misspelling, missing collection, or incorrect module path.\x1b[0m", 'start_line': 1, 'end_line': 2, 'runner_ident': '7bc8d85a-7b9f-4744-8e9e-2e786c3d64cd', 'created': '2025-12-21T20:18:12.770318+00:00'}
2025-12-21T20:18:12.772923+00:00 CRITICAL 'ansible_navigator.actions.run_playbook._handle_message' Unhandled message from runner queue, discarded: {'event': 'verbose', 'uuid': '615b93a8-d27b-4d32-a39e-961f8f3b2353', 'counter': 3, 'stdout': '\x1b[0;31m\x1b[0m', 'start_line': 2, 'end_line': 3, 'runner_ident': '7bc8d85a-7b9f-4744-8e9e-2e786c3d64cd', 'created': '2025-12-21T20:18:12.770409+00:00'}
2025-12-21T20:18:12.773271+00:00 CRITICAL 'ansible_navigator.actions.run_playbook._handle_message' Unhandled message from runner queue, discarded: {'event': 'verbose', 'uuid': '8a4eba8d-ddb3-4724-9906-27c7aa8d314a', 'counter': 4, 'stdout': "\x1b[0;31mThe error appears to be in '/navigator/roles/ssh/tasks/main.yml': line 45, column 3, but may\x1b[0m", 'start_line': 3, 'end_line': 4, 'runner_ident': '7bc8d85a-7b9f-4744-8e9e-2e786c3d64cd', 'created': '2025-12-21T20:18:12.770429+00:00'}
2025-12-21T20:18:12.773557+00:00 CRITICAL 'ansible_navigator.actions.run_playbook._handle_message' Unhandled message from runner queue, discarded: {'event': 'verbose', 'uuid': '469ccb52-503a-4761-9b5c-4f9aab8197a0', 'counter': 5, 'stdout': '\x1b[0;31mbe elsewhere in the file depending on the exact syntax problem.\x1b[0m', 'start_line': 4, 'end_line': 5, 'runner_ident': '7bc8d85a-7b9f-4744-8e9e-2e786c3d64cd', 'created': '2025-12-21T20:18:12.770445+00:00'}
2025-12-21T20:18:12.773848+00:00 CRITICAL 'ansible_navigator.actions.run_playbook._handle_message' Unhandled message from runner queue, discarded: {'event': 'verbose', 'uuid': '647a6a47-e0f1-473f-851d-b6b267abda37', 'counter': 6, 'stdout': '\x1b[0;31m\x1b[0m', 'start_line': 5, 'end_line': 6, 'runner_ident': '7bc8d85a-7b9f-4744-8e9e-2e786c3d64cd', 'created': '2025-12-21T20:18:12.770458+00:00'}
2025-12-21T20:18:12.774123+00:00 CRITICAL 'ansible_navigator.actions.run_playbook._handle_message' Unhandled message from runner queue, discarded: {'event': 'verbose', 'uuid': '6f877a91-9775-4bc4-8178-75df856b4209', 'counter': 7, 'stdout': '\x1b[0;31mThe offending line appears to be:\x1b[0m', 'start_line': 6, 'end_line': 7, 'runner_ident': '7bc8d85a-7b9f-4744-8e9e-2e786c3d64cd', 'created': '2025-12-21T20:18:12.770470+00:00'}
2025-12-21T20:18:12.774401+00:00 CRITICAL 'ansible_navigator.actions.run_playbook._handle_message' Unhandled message from runner queue, discarded: {'event': 'verbose', 'uuid': '748b32f7-a75d-4073-b38a-a0f82335f8a4', 'counter': 8, 'stdout': '\x1b[0;31m\x1b[0m', 'start_line': 7, 'end_line': 8, 'runner_ident': '7bc8d85a-7b9f-4744-8e9e-2e786c3d64cd', 'created': '2025-12-21T20:18:12.770482+00:00'}
2025-12-21T20:18:12.774657+00:00 CRITICAL 'ansible_navigator.actions.run_playbook._handle_message' Unhandled message from runner queue, discarded: {'event': 'verbose', 'uuid': '5eb2b5ab-f543-4e2e-931d-7a38a67448fc', 'counter': 9, 'stdout': '\x1b[0;31m\x1b[0m', 'start_line': 8, 'end_line': 9, 'runner_ident': '7bc8d85a-7b9f-4744-8e9e-2e786c3d64cd', 'created': '2025-12-21T20:18:12.770493+00:00'}
2025-12-21T20:18:12.774924+00:00 CRITICAL 'ansible_navigator.actions.run_playbook._handle_message' Unhandled message from runner queue, discarded: {'event': 'verbose', 'uuid': '8acc7c80-71c7-4fcf-96c3-0bdae0ad38c6', 'counter': 10, 'stdout': '\x1b[0;31m- name: Install SSH public key for user (like ssh-copy-id)\x1b[0m', 'start_line': 9, 'end_line': 10, 'runner_ident': '7bc8d85a-7b9f-4744-8e9e-2e786c3d64cd', 'created': '2025-12-21T20:18:12.770506+00:00'}
2025-12-21T20:18:12.775159+00:00 CRITICAL 'ansible_navigator.actions.run_playbook._handle_message' Unhandled message from runner queue, discarded: {'event': 'verbose', 'uuid': '898f7733-83cc-4955-bc04-1d39a8934a21', 'counter': 11, 'stdout': '\x1b[0;31m  ^ here\x1b[0m', 'start_line': 10, 'end_line': 11, 'runner_ident': '7bc8d85a-7b9f-4744-8e9e-2e786c3d64cd', 'created': '2025-12-21T20:18:12.770518+00:00'}
2025-12-21T20:18:13.683250+00:00 ERROR 'ansible_navigator.actions.run_playbook.write_artifact' Saving the artifact file failed, resulted in the following error: f[Errno 13] Permission denied: '/navigator'
Traceback (most recent call last):
  File "/usr/lib/python3.12/pathlib.py", line 1313, in mkdir
    os.mkdir(self, mode)
FileNotFoundError: [Errno 2] No such file or directory: '/navigator/artifacts/playbooks/deploy_homelab'

During handling of the above exception, another exception occurred:

Traceback (most recent call last):
  File "/usr/lib/python3.12/pathlib.py", line 1313, in mkdir
    os.mkdir(self, mode)
FileNotFoundError: [Errno 2] No such file or directory: '/navigator/artifacts/playbooks'

During handling of the above exception, another exception occurred:

Traceback (most recent call last):
  File "/usr/lib/python3.12/pathlib.py", line 1313, in mkdir
    os.mkdir(self, mode)
FileNotFoundError: [Errno 2] No such file or directory: '/navigator/artifacts'

During handling of the above exception, another exception occurred:

Traceback (most recent call last):
  File "/home/jelle/.venvs/ansible-navigator/lib/python3.12/site-packages/ansible_navigator/actions/run.py", line 931, in write_artifact
    Path(Path(filename).parent).mkdir(parents=True, exist_ok=True)
  File "/usr/lib/python3.12/pathlib.py", line 1317, in mkdir
    self.parent.mkdir(parents=True, exist_ok=True)
  File "/usr/lib/python3.12/pathlib.py", line 1317, in mkdir
    self.parent.mkdir(parents=True, exist_ok=True)
  File "/usr/lib/python3.12/pathlib.py", line 1317, in mkdir
    self.parent.mkdir(parents=True, exist_ok=True)
  File "/usr/lib/python3.12/pathlib.py", line 1313, in mkdir
    os.mkdir(self, mode)
PermissionError: [Errno 13] Permission denied: '/navigator'
2025-12-21T21:02:28.546648+00:00 WARNING 'ansible_navigator.main' Path `/navigator/ansible.cfg` does not exist. Falling back to non-strict resolution.
2025-12-21T21:02:30.078897+00:00 CRITICAL 'ansible_navigator.actions.run_playbook._handle_message' Unhandled message from runner queue, discarded: {'event': 'verbose', 'uuid': 'bb85ecdd-0d33-437c-88d5-0df640d52505', 'counter': 1, 'stdout': '\x1b[0;34mUsing /navigator/ansible.cfg as config file\x1b[0m', 'start_line': 0, 'end_line': 1, 'runner_ident': '14d703f0-475b-44d5-acb5-a2e3ca80201f', 'created': '2025-12-21T21:02:30.076466+00:00'}
2025-12-21T21:02:30.331983+00:00 CRITICAL 'ansible_navigator.actions.run_playbook._handle_message' Unhandled message from runner queue, discarded: {'event': 'verbose', 'uuid': '95585d0c-4477-442e-8be9-7f816c44ab9a', 'counter': 2, 'stdout': "\x1b[0;31mERROR! couldn't resolve module/action 'ansible.posix.authorized_key'. This often indicates a misspelling, missing collection, or incorrect module path.\x1b[0m", 'start_line': 1, 'end_line': 2, 'runner_ident': '14d703f0-475b-44d5-acb5-a2e3ca80201f', 'created': '2025-12-21T21:02:30.331068+00:00'}
2025-12-21T21:02:30.332260+00:00 CRITICAL 'ansible_navigator.actions.run_playbook._handle_message' Unhandled message from runner queue, discarded: {'event': 'verbose', 'uuid': 'a7a9a0d7-eb64-429b-b2a1-0ab9fe219896', 'counter': 3, 'stdout': '\x1b[0;31m\x1b[0m', 'start_line': 2, 'end_line': 3, 'runner_ident': '14d703f0-475b-44d5-acb5-a2e3ca80201f', 'created': '2025-12-21T21:02:30.331139+00:00'}
2025-12-21T21:02:30.332486+00:00 CRITICAL 'ansible_navigator.actions.run_playbook._handle_message' Unhandled message from runner queue, discarded: {'event': 'verbose', 'uuid': 'a170cf58-a182-4e4f-99a2-80a63469025b', 'counter': 4, 'stdout': "\x1b[0;31mThe error appears to be in '/navigator/roles/ssh/tasks/main.yml': line 45, column 3, but may\x1b[0m", 'start_line': 3, 'end_line': 4, 'runner_ident': '14d703f0-475b-44d5-acb5-a2e3ca80201f', 'created': '2025-12-21T21:02:30.331159+00:00'}
2025-12-21T21:02:30.332698+00:00 CRITICAL 'ansible_navigator.actions.run_playbook._handle_message' Unhandled message from runner queue, discarded: {'event': 'verbose', 'uuid': 'ad444f77-ae54-463a-ab41-3dab4c7a3000', 'counter': 5, 'stdout': '\x1b[0;31mbe elsewhere in the file depending on the exact syntax problem.\x1b[0m', 'start_line': 4, 'end_line': 5, 'runner_ident': '14d703f0-475b-44d5-acb5-a2e3ca80201f', 'created': '2025-12-21T21:02:30.331174+00:00'}
2025-12-21T21:02:30.332915+00:00 CRITICAL 'ansible_navigator.actions.run_playbook._handle_message' Unhandled message from runner queue, discarded: {'event': 'verbose', 'uuid': '4025b563-a077-4eaf-a192-740c5933eb88', 'counter': 6, 'stdout': '\x1b[0;31m\x1b[0m', 'start_line': 5, 'end_line': 6, 'runner_ident': '14d703f0-475b-44d5-acb5-a2e3ca80201f', 'created': '2025-12-21T21:02:30.331186+00:00'}
2025-12-21T21:02:30.333127+00:00 CRITICAL 'ansible_navigator.actions.run_playbook._handle_message' Unhandled message from runner queue, discarded: {'event': 'verbose', 'uuid': 'aad21250-e29d-4baf-b620-8433445aff81', 'counter': 7, 'stdout': '\x1b[0;31mThe offending line appears to be:\x1b[0m', 'start_line': 6, 'end_line': 7, 'runner_ident': '14d703f0-475b-44d5-acb5-a2e3ca80201f', 'created': '2025-12-21T21:02:30.331198+00:00'}
2025-12-21T21:02:30.333316+00:00 CRITICAL 'ansible_navigator.actions.run_playbook._handle_message' Unhandled message from runner queue, discarded: {'event': 'verbose', 'uuid': 'bd4cec34-b04b-4617-803f-0bf885bf1328', 'counter': 8, 'stdout': '\x1b[0;31m\x1b[0m', 'start_line': 7, 'end_line': 8, 'runner_ident': '14d703f0-475b-44d5-acb5-a2e3ca80201f', 'created': '2025-12-21T21:02:30.331209+00:00'}
2025-12-21T21:02:30.333556+00:00 CRITICAL 'ansible_navigator.actions.run_playbook._handle_message' Unhandled message from runner queue, discarded: {'event': 'verbose', 'uuid': 'e9760555-2d57-46a2-aeb9-8863f87b42c5', 'counter': 9, 'stdout': '\x1b[0;31m\x1b[0m', 'start_line': 8, 'end_line': 9, 'runner_ident': '14d703f0-475b-44d5-acb5-a2e3ca80201f', 'created': '2025-12-21T21:02:30.331219+00:00'}
2025-12-21T21:02:30.333770+00:00 CRITICAL 'ansible_navigator.actions.run_playbook._handle_message' Unhandled message from runner queue, discarded: {'event': 'verbose', 'uuid': '51c4924b-95b5-40f2-8982-eb3358268c9e', 'counter': 10, 'stdout': '\x1b[0;31m- name: Install SSH public key for user (like ssh-copy-id)\x1b[0m', 'start_line': 9, 'end_line': 10, 'runner_ident': '14d703f0-475b-44d5-acb5-a2e3ca80201f', 'created': '2025-12-21T21:02:30.331232+00:00'}
2025-12-21T21:02:30.333976+00:00 CRITICAL 'ansible_navigator.actions.run_playbook._handle_message' Unhandled message from runner queue, discarded: {'event': 'verbose', 'uuid': '13b755ac-9bc5-4bd2-ad68-804efd92ae09', 'counter': 11, 'stdout': '\x1b[0;31m  ^ here\x1b[0m', 'start_line': 10, 'end_line': 11, 'runner_ident': '14d703f0-475b-44d5-acb5-a2e3ca80201f', 'created': '2025-12-21T21:02:30.331243+00:00'}
2025-12-21T21:02:31.234129+00:00 ERROR 'ansible_navigator.actions.run_playbook.write_artifact' Saving the artifact file failed, resulted in the following error: f[Errno 13] Permission denied: '/navigator'
Traceback (most recent call last):
  File "/usr/lib/python3.12/pathlib.py", line 1313, in mkdir
    os.mkdir(self, mode)
FileNotFoundError: [Errno 2] No such file or directory: '/navigator/artifacts/playbooks/deploy_homelab'

During handling of the above exception, another exception occurred:

Traceback (most recent call last):
  File "/usr/lib/python3.12/pathlib.py", line 1313, in mkdir
    os.mkdir(self, mode)
FileNotFoundError: [Errno 2] No such file or directory: '/navigator/artifacts/playbooks'

During handling of the above exception, another exception occurred:

Traceback (most recent call last):
  File "/usr/lib/python3.12/pathlib.py", line 1313, in mkdir
    os.mkdir(self, mode)
FileNotFoundError: [Errno 2] No such file or directory: '/navigator/artifacts'

During handling of the above exception, another exception occurred:

Traceback (most recent call last):
  File "/home/jelle/.venvs/ansible-navigator/lib/python3.12/site-packages/ansible_navigator/actions/run.py", line 931, in write_artifact
    Path(Path(filename).parent).mkdir(parents=True, exist_ok=True)
  File "/usr/lib/python3.12/pathlib.py", line 1317, in mkdir
    self.parent.mkdir(parents=True, exist_ok=True)
  File "/usr/lib/python3.12/pathlib.py", line 1317, in mkdir
    self.parent.mkdir(parents=True, exist_ok=True)
  File "/usr/lib/python3.12/pathlib.py", line 1317, in mkdir
    self.parent.mkdir(parents=True, exist_ok=True)
  File "/usr/lib/python3.12/pathlib.py", line 1313, in mkdir
    os.mkdir(self, mode)
PermissionError: [Errno 13] Permission denied: '/navigator'
2025-12-21T21:04:37.414184+00:00 WARNING 'ansible_navigator.main' Path `/navigator/ansible.cfg` does not exist. Falling back to non-strict resolution.
2025-12-21T21:04:38.723365+00:00 CRITICAL 'ansible_navigator.actions.run_playbook._handle_message' Unhandled message from runner queue, discarded: {'event': 'verbose', 'uuid': 'b53f1edb-7d98-4994-9763-fe01e79631d3', 'counter': 1, 'stdout': '\x1b[0;34mansible-playbook [core 2.15.13]\x1b[0m', 'start_line': 0, 'end_line': 1, 'runner_ident': 'e5432020-5b53-41f6-be3e-022276f4708f', 'created': '2025-12-21T21:04:38.718332+00:00'}
2025-12-21T21:04:38.723706+00:00 CRITICAL 'ansible_navigator.actions.run_playbook._handle_message' Unhandled message from runner queue, discarded: {'event': 'verbose', 'uuid': '75b89ec5-dcd6-4caa-8e4c-78d022659abe', 'counter': 2, 'stdout': '\x1b[0;34m  config file = /navigator/ansible.cfg\x1b[0m', 'start_line': 1, 'end_line': 2, 'runner_ident': 'e5432020-5b53-41f6-be3e-022276f4708f', 'created': '2025-12-21T21:04:38.718465+00:00'}
2025-12-21T21:04:38.724063+00:00 CRITICAL 'ansible_navigator.actions.run_playbook._handle_message' Unhandled message from runner queue, discarded: {'event': 'verbose', 'uuid': 'f51243ce-cc65-4790-bdb5-26da580a921c', 'counter': 3, 'stdout': "\x1b[0;34m  configured module search path = ['/root/.ansible/plugins/modules', '/usr/share/ansible/plugins/modules']\x1b[0m", 'start_line': 2, 'end_line': 3, 'runner_ident': 'e5432020-5b53-41f6-be3e-022276f4708f', 'created': '2025-12-21T21:04:38.718496+00:00'}
2025-12-21T21:04:38.724331+00:00 CRITICAL 'ansible_navigator.actions.run_playbook._handle_message' Unhandled message from runner queue, discarded: {'event': 'verbose', 'uuid': '838baa1a-ecd4-4df8-bb7e-60c3dc4705ed', 'counter': 4, 'stdout': '\x1b[0;34m  ansible python module location = /usr/local/lib/python3.9/site-packages/ansible\x1b[0m', 'start_line': 3, 'end_line': 4, 'runner_ident': 'e5432020-5b53-41f6-be3e-022276f4708f', 'created': '2025-12-21T21:04:38.718513+00:00'}
2025-12-21T21:04:38.724582+00:00 CRITICAL 'ansible_navigator.actions.run_playbook._handle_message' Unhandled message from runner queue, discarded: {'event': 'verbose', 'uuid': '9fabae0c-0673-4cdb-a28d-f185716ca247', 'counter': 5, 'stdout': '\x1b[0;34m  ansible collection location = /navigator/collections\x1b[0m', 'start_line': 4, 'end_line': 5, 'runner_ident': 'e5432020-5b53-41f6-be3e-022276f4708f', 'created': '2025-12-21T21:04:38.718526+00:00'}
2025-12-21T21:04:38.724808+00:00 CRITICAL 'ansible_navigator.actions.run_playbook._handle_message' Unhandled message from runner queue, discarded: {'event': 'verbose', 'uuid': 'ad9e8c4d-acc7-4924-8193-26aacaa73169', 'counter': 6, 'stdout': '\x1b[0;34m  executable location = /usr/local/bin/ansible-playbook\x1b[0m', 'start_line': 5, 'end_line': 6, 'runner_ident': 'e5432020-5b53-41f6-be3e-022276f4708f', 'created': '2025-12-21T21:04:38.718538+00:00'}
2025-12-21T21:04:38.725020+00:00 CRITICAL 'ansible_navigator.actions.run_playbook._handle_message' Unhandled message from runner queue, discarded: {'event': 'verbose', 'uuid': '11c1dfb9-54e1-4d90-b78e-6337dafd7c2f', 'counter': 7, 'stdout': '\x1b[0;34m  python version = 3.9.25 (main, Nov 10 2025, 00:00:00) [GCC 11.5.0 20240719 (Red Hat 11.5.0-11)] (/usr/bin/python3)\x1b[0m', 'start_line': 6, 'end_line': 7, 'runner_ident': 'e5432020-5b53-41f6-be3e-022276f4708f', 'created': '2025-12-21T21:04:38.718550+00:00'}
2025-12-21T21:04:38.725250+00:00 CRITICAL 'ansible_navigator.actions.run_playbook._handle_message' Unhandled message from runner queue, discarded: {'event': 'verbose', 'uuid': '90bc939f-59af-4436-b316-a7a4a6f137f8', 'counter': 8, 'stdout': '\x1b[0;34m  jinja version = 3.1.6\x1b[0m', 'start_line': 7, 'end_line': 8, 'runner_ident': 'e5432020-5b53-41f6-be3e-022276f4708f', 'created': '2025-12-21T21:04:38.718560+00:00'}
2025-12-21T21:04:38.725455+00:00 CRITICAL 'ansible_navigator.actions.run_playbook._handle_message' Unhandled message from runner queue, discarded: {'event': 'verbose', 'uuid': 'ce80a4e1-a172-4aab-9421-601e345d9c9e', 'counter': 9, 'stdout': '\x1b[0;34m  libyaml = True\x1b[0m', 'start_line': 8, 'end_line': 9, 'runner_ident': 'e5432020-5b53-41f6-be3e-022276f4708f', 'created': '2025-12-21T21:04:38.718570+00:00'}
2025-12-21T21:04:38.725664+00:00 CRITICAL 'ansible_navigator.actions.run_playbook._handle_message' Unhandled message from runner queue, discarded: {'event': 'verbose', 'uuid': '634d8c11-8856-4dbb-abe6-2418ca83f148', 'counter': 10, 'stdout': '\x1b[0;34mUsing /navigator/ansible.cfg as config file\x1b[0m', 'start_line': 9, 'end_line': 10, 'runner_ident': 'e5432020-5b53-41f6-be3e-022276f4708f', 'created': '2025-12-21T21:04:38.718581+00:00'}
2025-12-21T21:04:38.796567+00:00 CRITICAL 'ansible_navigator.actions.run_playbook._handle_message' Unhandled message from runner queue, discarded: {'event': 'verbose', 'uuid': '34fc9778-9192-4e14-a3db-6dccaea7ed77', 'counter': 11, 'stdout': '\x1b[0;34mhost_list declined parsing /mnt/e/repos/homelab/inventories/lab/mercurius.yml as it did not pass its verify_file() method\x1b[0m', 'start_line': 10, 'end_line': 11, 'runner_ident': 'e5432020-5b53-41f6-be3e-022276f4708f', 'created': '2025-12-21T21:04:38.788895+00:00'}
2025-12-21T21:04:38.806993+00:00 CRITICAL 'ansible_navigator.actions.run_playbook._handle_message' Unhandled message from runner queue, discarded: {'event': 'verbose', 'uuid': '2b47df2b-bc6a-4f8e-b368-b9c49b5430a1', 'counter': 12, 'stdout': '\x1b[0;34mParsed /mnt/e/repos/homelab/inventories/lab/mercurius.yml inventory source with yaml plugin\x1b[0m', 'start_line': 11, 'end_line': 12, 'runner_ident': 'e5432020-5b53-41f6-be3e-022276f4708f', 'created': '2025-12-21T21:04:38.802160+00:00'}
2025-12-21T21:04:38.928343+00:00 CRITICAL 'ansible_navigator.actions.run_playbook._handle_message' Unhandled message from runner queue, discarded: {'event': 'verbose', 'uuid': '45362e65-521f-4778-a0de-500dbbd7909e', 'counter': 13, 'stdout': "\x1b[0;31mERROR! couldn't resolve module/action 'ansible.posix.authorized_key'. This often indicates a misspelling, missing collection, or incorrect module path.\x1b[0m", 'start_line': 12, 'end_line': 13, 'runner_ident': 'e5432020-5b53-41f6-be3e-022276f4708f', 'created': '2025-12-21T21:04:38.923251+00:00'}
2025-12-21T21:04:38.928764+00:00 CRITICAL 'ansible_navigator.actions.run_playbook._handle_message' Unhandled message from runner queue, discarded: {'event': 'verbose', 'uuid': 'ec1ea5fa-90e6-4116-b20b-1e770953c0b6', 'counter': 14, 'stdout': '\x1b[0;31m\x1b[0m', 'start_line': 13, 'end_line': 14, 'runner_ident': 'e5432020-5b53-41f6-be3e-022276f4708f', 'created': '2025-12-21T21:04:38.923309+00:00'}
2025-12-21T21:04:38.929041+00:00 CRITICAL 'ansible_navigator.actions.run_playbook._handle_message' Unhandled message from runner queue, discarded: {'event': 'verbose', 'uuid': '9773928b-14bc-46bf-bc0f-4374f142c770', 'counter': 15, 'stdout': "\x1b[0;31mThe error appears to be in '/navigator/roles/ssh/tasks/main.yml': line 45, column 3, but may\x1b[0m", 'start_line': 14, 'end_line': 15, 'runner_ident': 'e5432020-5b53-41f6-be3e-022276f4708f', 'created': '2025-12-21T21:04:38.923327+00:00'}
2025-12-21T21:04:38.929370+00:00 CRITICAL 'ansible_navigator.actions.run_playbook._handle_message' Unhandled message from runner queue, discarded: {'event': 'verbose', 'uuid': 'ed1d7e22-0286-43e1-abe4-81ca5b228939', 'counter': 16, 'stdout': '\x1b[0;31mbe elsewhere in the file depending on the exact syntax problem.\x1b[0m', 'start_line': 15, 'end_line': 16, 'runner_ident': 'e5432020-5b53-41f6-be3e-022276f4708f', 'created': '2025-12-21T21:04:38.923340+00:00'}
2025-12-21T21:04:38.929641+00:00 CRITICAL 'ansible_navigator.actions.run_playbook._handle_message' Unhandled message from runner queue, discarded: {'event': 'verbose', 'uuid': '01e27acd-3edc-44b3-bb1f-a4d36f83c7f1', 'counter': 17, 'stdout': '\x1b[0;31m\x1b[0m', 'start_line': 16, 'end_line': 17, 'runner_ident': 'e5432020-5b53-41f6-be3e-022276f4708f', 'created': '2025-12-21T21:04:38.923355+00:00'}
2025-12-21T21:04:38.929887+00:00 CRITICAL 'ansible_navigator.actions.run_playbook._handle_message' Unhandled message from runner queue, discarded: {'event': 'verbose', 'uuid': '3bd98ace-4d9b-48a4-a95a-2e513336dcc6', 'counter': 18, 'stdout': '\x1b[0;31mThe offending line appears to be:\x1b[0m', 'start_line': 17, 'end_line': 18, 'runner_ident': 'e5432020-5b53-41f6-be3e-022276f4708f', 'created': '2025-12-21T21:04:38.923365+00:00'}
2025-12-21T21:04:38.930115+00:00 CRITICAL 'ansible_navigator.actions.run_playbook._handle_message' Unhandled message from runner queue, discarded: {'event': 'verbose', 'uuid': '000b9018-5de7-486b-8988-d94530b42fcd', 'counter': 19, 'stdout': '\x1b[0;31m\x1b[0m', 'start_line': 18, 'end_line': 19, 'runner_ident': 'e5432020-5b53-41f6-be3e-022276f4708f', 'created': '2025-12-21T21:04:38.923377+00:00'}
2025-12-21T21:04:38.930326+00:00 CRITICAL 'ansible_navigator.actions.run_playbook._handle_message' Unhandled message from runner queue, discarded: {'event': 'verbose', 'uuid': 'd63fc62f-e7bf-4448-bf24-0febaede56d2', 'counter': 20, 'stdout': '\x1b[0;31m\x1b[0m', 'start_line': 19, 'end_line': 20, 'runner_ident': 'e5432020-5b53-41f6-be3e-022276f4708f', 'created': '2025-12-21T21:04:38.923391+00:00'}
2025-12-21T21:04:38.930553+00:00 CRITICAL 'ansible_navigator.actions.run_playbook._handle_message' Unhandled message from runner queue, discarded: {'event': 'verbose', 'uuid': '04e001f0-ceed-4350-be0f-cf1dcf458aa2', 'counter': 21, 'stdout': '\x1b[0;31m- name: Install SSH public key for user (like ssh-copy-id)\x1b[0m', 'start_line': 20, 'end_line': 21, 'runner_ident': 'e5432020-5b53-41f6-be3e-022276f4708f', 'created': '2025-12-21T21:04:38.923403+00:00'}
2025-12-21T21:04:38.930771+00:00 CRITICAL 'ansible_navigator.actions.run_playbook._handle_message' Unhandled message from runner queue, discarded: {'event': 'verbose', 'uuid': '4ed53bbd-755d-4c24-88b4-c08df60bbe53', 'counter': 22, 'stdout': '\x1b[0;31m  ^ here\x1b[0m', 'start_line': 21, 'end_line': 22, 'runner_ident': 'e5432020-5b53-41f6-be3e-022276f4708f', 'created': '2025-12-21T21:04:38.923415+00:00'}
2025-12-21T21:04:39.718427+00:00 ERROR 'ansible_navigator.actions.run_playbook.write_artifact' Saving the artifact file failed, resulted in the following error: f[Errno 13] Permission denied: '/navigator'
Traceback (most recent call last):
  File "/usr/lib/python3.12/pathlib.py", line 1313, in mkdir
    os.mkdir(self, mode)
FileNotFoundError: [Errno 2] No such file or directory: '/navigator/artifacts/playbooks/deploy_homelab'

During handling of the above exception, another exception occurred:

Traceback (most recent call last):
  File "/usr/lib/python3.12/pathlib.py", line 1313, in mkdir
    os.mkdir(self, mode)
FileNotFoundError: [Errno 2] No such file or directory: '/navigator/artifacts/playbooks'

During handling of the above exception, another exception occurred:

Traceback (most recent call last):
  File "/usr/lib/python3.12/pathlib.py", line 1313, in mkdir
    os.mkdir(self, mode)
FileNotFoundError: [Errno 2] No such file or directory: '/navigator/artifacts'

During handling of the above exception, another exception occurred:

Traceback (most recent call last):
  File "/home/jelle/.venvs/ansible-navigator/lib/python3.12/site-packages/ansible_navigator/actions/run.py", line 931, in write_artifact
    Path(Path(filename).parent).mkdir(parents=True, exist_ok=True)
  File "/usr/lib/python3.12/pathlib.py", line 1317, in mkdir
    self.parent.mkdir(parents=True, exist_ok=True)
  File "/usr/lib/python3.12/pathlib.py", line 1317, in mkdir
    self.parent.mkdir(parents=True, exist_ok=True)
  File "/usr/lib/python3.12/pathlib.py", line 1317, in mkdir
    self.parent.mkdir(parents=True, exist_ok=True)
  File "/usr/lib/python3.12/pathlib.py", line 1313, in mkdir
    os.mkdir(self, mode)
PermissionError: [Errno 13] Permission denied: '/navigator'
2025-12-21T21:06:15.222722+00:00 WARNING 'ansible_navigator.main' Path `/navigator/ansible.cfg` does not exist. Falling back to non-strict resolution.
2025-12-21T21:06:16.540981+00:00 CRITICAL 'ansible_navigator.actions.run_playbook._handle_message' Unhandled message from runner queue, discarded: {'event': 'verbose', 'uuid': 'e1752409-d9a9-4f23-97ee-57baea65970f', 'counter': 1, 'stdout': '\x1b[0;34mansible-playbook [core 2.15.13]\x1b[0m', 'start_line': 0, 'end_line': 1, 'runner_ident': 'ffbd6d46-f3e8-454a-8185-9688525ea017', 'created': '2025-12-21T21:06:16.531073+00:00'}
2025-12-21T21:06:16.541352+00:00 CRITICAL 'ansible_navigator.actions.run_playbook._handle_message' Unhandled message from runner queue, discarded: {'event': 'verbose', 'uuid': '1c8d87cd-4afd-4244-9459-6778c5a0fed8', 'counter': 2, 'stdout': '\x1b[0;34m  config file = /navigator/ansible.cfg\x1b[0m', 'start_line': 1, 'end_line': 2, 'runner_ident': 'ffbd6d46-f3e8-454a-8185-9688525ea017', 'created': '2025-12-21T21:06:16.531165+00:00'}
2025-12-21T21:06:16.541670+00:00 CRITICAL 'ansible_navigator.actions.run_playbook._handle_message' Unhandled message from runner queue, discarded: {'event': 'verbose', 'uuid': '4da8f026-8cad-400e-b632-fca6f81197b4', 'counter': 3, 'stdout': "\x1b[0;34m  configured module search path = ['/root/.ansible/plugins/modules', '/usr/share/ansible/plugins/modules']\x1b[0m", 'start_line': 2, 'end_line': 3, 'runner_ident': 'ffbd6d46-f3e8-454a-8185-9688525ea017', 'created': '2025-12-21T21:06:16.531187+00:00'}
2025-12-21T21:06:16.541955+00:00 CRITICAL 'ansible_navigator.actions.run_playbook._handle_message' Unhandled message from runner queue, discarded: {'event': 'verbose', 'uuid': 'e37846a7-4cac-451e-a945-6011ea9c5f77', 'counter': 4, 'stdout': '\x1b[0;34m  ansible python module location = /usr/local/lib/python3.9/site-packages/ansible\x1b[0m', 'start_line': 3, 'end_line': 4, 'runner_ident': 'ffbd6d46-f3e8-454a-8185-9688525ea017', 'created': '2025-12-21T21:06:16.531201+00:00'}
2025-12-21T21:06:16.542190+00:00 CRITICAL 'ansible_navigator.actions.run_playbook._handle_message' Unhandled message from runner queue, discarded: {'event': 'verbose', 'uuid': '75464470-0f9e-4c72-b96d-23ebb8b8386e', 'counter': 5, 'stdout': '\x1b[0;34m  ansible collection location = /navigator/collections\x1b[0m', 'start_line': 4, 'end_line': 5, 'runner_ident': 'ffbd6d46-f3e8-454a-8185-9688525ea017', 'created': '2025-12-21T21:06:16.531213+00:00'}
2025-12-21T21:06:16.542401+00:00 CRITICAL 'ansible_navigator.actions.run_playbook._handle_message' Unhandled message from runner queue, discarded: {'event': 'verbose', 'uuid': '790e71d4-e9dc-4dd3-afd0-279be8518162', 'counter': 6, 'stdout': '\x1b[0;34m  executable location = /usr/local/bin/ansible-playbook\x1b[0m', 'start_line': 5, 'end_line': 6, 'runner_ident': 'ffbd6d46-f3e8-454a-8185-9688525ea017', 'created': '2025-12-21T21:06:16.531224+00:00'}
2025-12-21T21:06:16.542604+00:00 CRITICAL 'ansible_navigator.actions.run_playbook._handle_message' Unhandled message from runner queue, discarded: {'event': 'verbose', 'uuid': 'aba67d22-2a76-4185-a178-9ab64e4db007', 'counter': 7, 'stdout': '\x1b[0;34m  python version = 3.9.25 (main, Nov 10 2025, 00:00:00) [GCC 11.5.0 20240719 (Red Hat 11.5.0-11)] (/usr/bin/python3)\x1b[0m', 'start_line': 6, 'end_line': 7, 'runner_ident': 'ffbd6d46-f3e8-454a-8185-9688525ea017', 'created': '2025-12-21T21:06:16.531235+00:00'}
2025-12-21T21:06:16.542817+00:00 CRITICAL 'ansible_navigator.actions.run_playbook._handle_message' Unhandled message from runner queue, discarded: {'event': 'verbose', 'uuid': '5482eac6-a07f-4f31-89bb-3db47d619e40', 'counter': 8, 'stdout': '\x1b[0;34m  jinja version = 3.1.6\x1b[0m', 'start_line': 7, 'end_line': 8, 'runner_ident': 'ffbd6d46-f3e8-454a-8185-9688525ea017', 'created': '2025-12-21T21:06:16.531245+00:00'}
2025-12-21T21:06:16.543033+00:00 CRITICAL 'ansible_navigator.actions.run_playbook._handle_message' Unhandled message from runner queue, discarded: {'event': 'verbose', 'uuid': '75fd3966-009d-47f6-b666-887b2f82b84c', 'counter': 9, 'stdout': '\x1b[0;34m  libyaml = True\x1b[0m', 'start_line': 8, 'end_line': 9, 'runner_ident': 'ffbd6d46-f3e8-454a-8185-9688525ea017', 'created': '2025-12-21T21:06:16.531254+00:00'}
2025-12-21T21:06:16.543247+00:00 CRITICAL 'ansible_navigator.actions.run_playbook._handle_message' Unhandled message from runner queue, discarded: {'event': 'verbose', 'uuid': 'd345d843-7f6b-4503-84c9-236714347cab', 'counter': 10, 'stdout': '\x1b[0;34mUsing /navigator/ansible.cfg as config file\x1b[0m', 'start_line': 9, 'end_line': 10, 'runner_ident': 'ffbd6d46-f3e8-454a-8185-9688525ea017', 'created': '2025-12-21T21:06:16.531265+00:00'}
2025-12-21T21:06:16.614166+00:00 CRITICAL 'ansible_navigator.actions.run_playbook._handle_message' Unhandled message from runner queue, discarded: {'event': 'verbose', 'uuid': '21bf3625-058e-4e29-9b13-88d95aa9563c', 'counter': 11, 'stdout': '\x1b[0;34mhost_list declined parsing /mnt/e/repos/homelab/inventories/lab/mercurius.yml as it did not pass its verify_file() method\x1b[0m', 'start_line': 10, 'end_line': 11, 'runner_ident': 'ffbd6d46-f3e8-454a-8185-9688525ea017', 'created': '2025-12-21T21:06:16.604636+00:00'}
2025-12-21T21:06:16.624539+00:00 CRITICAL 'ansible_navigator.actions.run_playbook._handle_message' Unhandled message from runner queue, discarded: {'event': 'verbose', 'uuid': '96f7894b-7149-4912-bf62-4777745bd1b2', 'counter': 12, 'stdout': '\x1b[0;34mParsed /mnt/e/repos/homelab/inventories/lab/mercurius.yml inventory source with yaml plugin\x1b[0m', 'start_line': 11, 'end_line': 12, 'runner_ident': 'ffbd6d46-f3e8-454a-8185-9688525ea017', 'created': '2025-12-21T21:06:16.618069+00:00'}
2025-12-21T21:06:16.746079+00:00 CRITICAL 'ansible_navigator.actions.run_playbook._handle_message' Unhandled message from runner queue, discarded: {'event': 'verbose', 'uuid': 'd15292ff-9cda-43e9-8dcf-d53bb978ef6d', 'counter': 13, 'stdout': "\x1b[0;31mERROR! couldn't resolve module/action 'ansible.posix.authorized_key'. This often indicates a misspelling, missing collection, or incorrect module path.\x1b[0m", 'start_line': 12, 'end_line': 13, 'runner_ident': 'ffbd6d46-f3e8-454a-8185-9688525ea017', 'created': '2025-12-21T21:06:16.739981+00:00'}
2025-12-21T21:06:16.746448+00:00 CRITICAL 'ansible_navigator.actions.run_playbook._handle_message' Unhandled message from runner queue, discarded: {'event': 'verbose', 'uuid': 'd00c7b96-c513-41a8-9f36-128503d4b5df', 'counter': 14, 'stdout': '\x1b[0;31m\x1b[0m', 'start_line': 13, 'end_line': 14, 'runner_ident': 'ffbd6d46-f3e8-454a-8185-9688525ea017', 'created': '2025-12-21T21:06:16.740059+00:00'}
2025-12-21T21:06:16.746753+00:00 CRITICAL 'ansible_navigator.actions.run_playbook._handle_message' Unhandled message from runner queue, discarded: {'event': 'verbose', 'uuid': '31eb137b-5302-4c36-ba1f-0028e81a1fc6', 'counter': 15, 'stdout': "\x1b[0;31mThe error appears to be in '/navigator/roles/ssh/tasks/main.yml': line 45, column 3, but may\x1b[0m", 'start_line': 14, 'end_line': 15, 'runner_ident': 'ffbd6d46-f3e8-454a-8185-9688525ea017', 'created': '2025-12-21T21:06:16.740081+00:00'}
2025-12-21T21:06:16.747003+00:00 CRITICAL 'ansible_navigator.actions.run_playbook._handle_message' Unhandled message from runner queue, discarded: {'event': 'verbose', 'uuid': '151174ac-ea01-4a69-99eb-7d708ad17990', 'counter': 16, 'stdout': '\x1b[0;31mbe elsewhere in the file depending on the exact syntax problem.\x1b[0m', 'start_line': 15, 'end_line': 16, 'runner_ident': 'ffbd6d46-f3e8-454a-8185-9688525ea017', 'created': '2025-12-21T21:06:16.740145+00:00'}
2025-12-21T21:06:16.747234+00:00 CRITICAL 'ansible_navigator.actions.run_playbook._handle_message' Unhandled message from runner queue, discarded: {'event': 'verbose', 'uuid': '3b9e49a4-0aa1-4789-bf35-467b72e68a4d', 'counter': 17, 'stdout': '\x1b[0;31m\x1b[0m', 'start_line': 16, 'end_line': 17, 'runner_ident': 'ffbd6d46-f3e8-454a-8185-9688525ea017', 'created': '2025-12-21T21:06:16.740166+00:00'}
2025-12-21T21:06:16.747442+00:00 CRITICAL 'ansible_navigator.actions.run_playbook._handle_message' Unhandled message from runner queue, discarded: {'event': 'verbose', 'uuid': '8c872b66-271b-422d-9232-085644547ee0', 'counter': 18, 'stdout': '\x1b[0;31mThe offending line appears to be:\x1b[0m', 'start_line': 17, 'end_line': 18, 'runner_ident': 'ffbd6d46-f3e8-454a-8185-9688525ea017', 'created': '2025-12-21T21:06:16.740181+00:00'}
2025-12-21T21:06:16.747681+00:00 CRITICAL 'ansible_navigator.actions.run_playbook._handle_message' Unhandled message from runner queue, discarded: {'event': 'verbose', 'uuid': '29e1fe46-b94b-4d49-abfd-c42c8ae60cf5', 'counter': 19, 'stdout': '\x1b[0;31m\x1b[0m', 'start_line': 18, 'end_line': 19, 'runner_ident': 'ffbd6d46-f3e8-454a-8185-9688525ea017', 'created': '2025-12-21T21:06:16.740193+00:00'}
2025-12-21T21:06:16.747925+00:00 CRITICAL 'ansible_navigator.actions.run_playbook._handle_message' Unhandled message from runner queue, discarded: {'event': 'verbose', 'uuid': '825b09c5-85ec-4463-994c-420be161c1d1', 'counter': 20, 'stdout': '\x1b[0;31m\x1b[0m', 'start_line': 19, 'end_line': 20, 'runner_ident': 'ffbd6d46-f3e8-454a-8185-9688525ea017', 'created': '2025-12-21T21:06:16.740206+00:00'}
2025-12-21T21:06:16.748144+00:00 CRITICAL 'ansible_navigator.actions.run_playbook._handle_message' Unhandled message from runner queue, discarded: {'event': 'verbose', 'uuid': '61e43868-bae8-4ab7-b757-fd2cd04ffcd1', 'counter': 21, 'stdout': '\x1b[0;31m- name: Install SSH public key for user (like ssh-copy-id)\x1b[0m', 'start_line': 20, 'end_line': 21, 'runner_ident': 'ffbd6d46-f3e8-454a-8185-9688525ea017', 'created': '2025-12-21T21:06:16.740260+00:00'}
2025-12-21T21:06:16.748374+00:00 CRITICAL 'ansible_navigator.actions.run_playbook._handle_message' Unhandled message from runner queue, discarded: {'event': 'verbose', 'uuid': 'f2a3a59f-4a79-4032-b88b-1106317c5dc0', 'counter': 22, 'stdout': '\x1b[0;31m  ^ here\x1b[0m', 'start_line': 21, 'end_line': 22, 'runner_ident': 'ffbd6d46-f3e8-454a-8185-9688525ea017', 'created': '2025-12-21T21:06:16.740298+00:00'}
2025-12-21T21:06:17.516086+00:00 ERROR 'ansible_navigator.actions.run_playbook.write_artifact' Saving the artifact file failed, resulted in the following error: f[Errno 13] Permission denied: '/navigator'
Traceback (most recent call last):
  File "/usr/lib/python3.12/pathlib.py", line 1313, in mkdir
    os.mkdir(self, mode)
FileNotFoundError: [Errno 2] No such file or directory: '/navigator/artifacts/playbooks/deploy_homelab'

During handling of the above exception, another exception occurred:

Traceback (most recent call last):
  File "/usr/lib/python3.12/pathlib.py", line 1313, in mkdir
    os.mkdir(self, mode)
FileNotFoundError: [Errno 2] No such file or directory: '/navigator/artifacts/playbooks'

During handling of the above exception, another exception occurred:

Traceback (most recent call last):
  File "/usr/lib/python3.12/pathlib.py", line 1313, in mkdir
    os.mkdir(self, mode)
FileNotFoundError: [Errno 2] No such file or directory: '/navigator/artifacts'

During handling of the above exception, another exception occurred:

Traceback (most recent call last):
  File "/home/jelle/.venvs/ansible-navigator/lib/python3.12/site-packages/ansible_navigator/actions/run.py", line 931, in write_artifact
    Path(Path(filename).parent).mkdir(parents=True, exist_ok=True)
  File "/usr/lib/python3.12/pathlib.py", line 1317, in mkdir
    self.parent.mkdir(parents=True, exist_ok=True)
  File "/usr/lib/python3.12/pathlib.py", line 1317, in mkdir
    self.parent.mkdir(parents=True, exist_ok=True)
  File "/usr/lib/python3.12/pathlib.py", line 1317, in mkdir
    self.parent.mkdir(parents=True, exist_ok=True)
  File "/usr/lib/python3.12/pathlib.py", line 1313, in mkdir
    os.mkdir(self, mode)
PermissionError: [Errno 13] Permission denied: '/navigator'
2025-12-21T21:06:31.901208+00:00 WARNING 'ansible_navigator.main' Path `/navigator/ansible.cfg` does not exist. Falling back to non-strict resolution.
2025-12-21T21:06:41.928594+00:00 WARNING 'ansible_navigator.main' Path `/navigator/ansible.cfg` does not exist. Falling back to non-strict resolution.
2025-12-21T21:06:55.004468+00:00 WARNING 'ansible_navigator.main' Path `/navigator/ansible.cfg` does not exist. Falling back to non-strict resolution.
2025-12-21T21:07:02.090839+00:00 WARNING 'ansible_navigator.main' Path `/navigator/ansible.cfg` does not exist. Falling back to non-strict resolution.
2025-12-21T21:07:10.529637+00:00 WARNING 'ansible_navigator.main' Path `/navigator/ansible.cfg` does not exist. Falling back to non-strict resolution.
2025-12-21T21:07:38.795049+00:00 WARNING 'ansible_navigator.main' Path `/navigator/ansible.cfg` does not exist. Falling back to non-strict resolution.
2025-12-21T21:07:51.160203+00:00 WARNING 'ansible_navigator.main' Path `/navigator/ansible.cfg` does not exist. Falling back to non-strict resolution.
2025-12-21T21:09:54.660178+00:00 WARNING 'ansible_navigator.main' Path `/navigator/ansible.cfg` does not exist. Falling back to non-strict resolution.
2025-12-21T21:10:09.504851+00:00 WARNING 'ansible_navigator.main' Path `/navigator/ansible.cfg` does not exist. Falling back to non-strict resolution.
2025-12-21T21:11:49.959362+00:00 WARNING 'ansible_navigator.main' Path `/navigator/ansible.cfg` does not exist. Falling back to non-strict resolution.
2025-12-21T21:12:13.811259+00:00 WARNING 'ansible_navigator.main' Path `/navigator/ansible.cfg` does not exist. Falling back to non-strict resolution.
2025-12-21T21:12:15.100117+00:00 CRITICAL 'ansible_navigator.actions.run_playbook._handle_message' Unhandled message from runner queue, discarded: {'event': 'verbose', 'uuid': 'af3695ac-ffd6-47ab-a1d8-649135320d2c', 'counter': 1, 'stdout': '\x1b[0;34mansible-playbook [core 2.15.13]\x1b[0m', 'start_line': 0, 'end_line': 1, 'runner_ident': '697ed0c6-4f02-4dee-a728-96938e875b66', 'created': '2025-12-21T21:12:15.096838+00:00'}
2025-12-21T21:12:15.100459+00:00 CRITICAL 'ansible_navigator.actions.run_playbook._handle_message' Unhandled message from runner queue, discarded: {'event': 'verbose', 'uuid': 'f174d837-9753-41d0-857a-01ac76320c36', 'counter': 2, 'stdout': '\x1b[0;34m  config file = /navigator/ansible.cfg\x1b[0m', 'start_line': 1, 'end_line': 2, 'runner_ident': '697ed0c6-4f02-4dee-a728-96938e875b66', 'created': '2025-12-21T21:12:15.096930+00:00'}
2025-12-21T21:12:15.100711+00:00 CRITICAL 'ansible_navigator.actions.run_playbook._handle_message' Unhandled message from runner queue, discarded: {'event': 'verbose', 'uuid': '00fdd0aa-0244-4b2e-b0b1-b6794a9c6677', 'counter': 3, 'stdout': "\x1b[0;34m  configured module search path = ['/root/.ansible/plugins/modules', '/usr/share/ansible/plugins/modules']\x1b[0m", 'start_line': 2, 'end_line': 3, 'runner_ident': '697ed0c6-4f02-4dee-a728-96938e875b66', 'created': '2025-12-21T21:12:15.096953+00:00'}
2025-12-21T21:12:15.100942+00:00 CRITICAL 'ansible_navigator.actions.run_playbook._handle_message' Unhandled message from runner queue, discarded: {'event': 'verbose', 'uuid': 'b58054e7-bc5d-407c-ad79-8e9a3c82bd79', 'counter': 4, 'stdout': '\x1b[0;34m  ansible python module location = /usr/local/lib/python3.9/site-packages/ansible\x1b[0m', 'start_line': 3, 'end_line': 4, 'runner_ident': '697ed0c6-4f02-4dee-a728-96938e875b66', 'created': '2025-12-21T21:12:15.096967+00:00'}
2025-12-21T21:12:15.101158+00:00 CRITICAL 'ansible_navigator.actions.run_playbook._handle_message' Unhandled message from runner queue, discarded: {'event': 'verbose', 'uuid': 'f4bcaa15-60b9-41e2-93b4-64ed3c531d67', 'counter': 5, 'stdout': '\x1b[0;34m  ansible collection location = /root/.ansible/collections:/usr/share/ansible/collections\x1b[0m', 'start_line': 4, 'end_line': 5, 'runner_ident': '697ed0c6-4f02-4dee-a728-96938e875b66', 'created': '2025-12-21T21:12:15.096980+00:00'}
2025-12-21T21:12:15.101375+00:00 CRITICAL 'ansible_navigator.actions.run_playbook._handle_message' Unhandled message from runner queue, discarded: {'event': 'verbose', 'uuid': 'a7f9f60b-924f-4890-9255-15be2ffb7ae9', 'counter': 6, 'stdout': '\x1b[0;34m  executable location = /usr/local/bin/ansible-playbook\x1b[0m', 'start_line': 5, 'end_line': 6, 'runner_ident': '697ed0c6-4f02-4dee-a728-96938e875b66', 'created': '2025-12-21T21:12:15.096993+00:00'}
2025-12-21T21:12:15.101599+00:00 CRITICAL 'ansible_navigator.actions.run_playbook._handle_message' Unhandled message from runner queue, discarded: {'event': 'verbose', 'uuid': '3df66c6c-2d7f-461b-aa55-4063cb0968a1', 'counter': 7, 'stdout': '\x1b[0;34m  python version = 3.9.25 (main, Nov 10 2025, 00:00:00) [GCC 11.5.0 20240719 (Red Hat 11.5.0-11)] (/usr/bin/python3)\x1b[0m', 'start_line': 6, 'end_line': 7, 'runner_ident': '697ed0c6-4f02-4dee-a728-96938e875b66', 'created': '2025-12-21T21:12:15.097005+00:00'}
2025-12-21T21:12:15.101811+00:00 CRITICAL 'ansible_navigator.actions.run_playbook._handle_message' Unhandled message from runner queue, discarded: {'event': 'verbose', 'uuid': 'e2d30540-3a5d-440e-89b9-bd1156cf7348', 'counter': 8, 'stdout': '\x1b[0;34m  jinja version = 3.1.6\x1b[0m', 'start_line': 7, 'end_line': 8, 'runner_ident': '697ed0c6-4f02-4dee-a728-96938e875b66', 'created': '2025-12-21T21:12:15.097016+00:00'}
2025-12-21T21:12:15.102026+00:00 CRITICAL 'ansible_navigator.actions.run_playbook._handle_message' Unhandled message from runner queue, discarded: {'event': 'verbose', 'uuid': '60113253-07e5-49bc-8a7e-22e09f9d9f6a', 'counter': 9, 'stdout': '\x1b[0;34m  libyaml = True\x1b[0m', 'start_line': 8, 'end_line': 9, 'runner_ident': '697ed0c6-4f02-4dee-a728-96938e875b66', 'created': '2025-12-21T21:12:15.097027+00:00'}
2025-12-21T21:12:15.102230+00:00 CRITICAL 'ansible_navigator.actions.run_playbook._handle_message' Unhandled message from runner queue, discarded: {'event': 'verbose', 'uuid': 'a7d72151-8230-492d-a353-cd2899e42355', 'counter': 10, 'stdout': '\x1b[0;34mUsing /navigator/ansible.cfg as config file\x1b[0m', 'start_line': 9, 'end_line': 10, 'runner_ident': '697ed0c6-4f02-4dee-a728-96938e875b66', 'created': '2025-12-21T21:12:15.097038+00:00'}
2025-12-21T21:12:15.173235+00:00 CRITICAL 'ansible_navigator.actions.run_playbook._handle_message' Unhandled message from runner queue, discarded: {'event': 'verbose', 'uuid': 'a0b979a4-30c5-4c98-a905-028c86b0b050', 'counter': 11, 'stdout': '\x1b[0;34mhost_list declined parsing /mnt/e/repos/homelab/inventories/lab/mercurius.yml as it did not pass its verify_file() method\x1b[0m', 'start_line': 10, 'end_line': 11, 'runner_ident': '697ed0c6-4f02-4dee-a728-96938e875b66', 'created': '2025-12-21T21:12:15.168509+00:00'}
2025-12-21T21:12:15.183597+00:00 CRITICAL 'ansible_navigator.actions.run_playbook._handle_message' Unhandled message from runner queue, discarded: {'event': 'verbose', 'uuid': '25319ea8-fedb-4899-a1a3-8cecadc05fb1', 'counter': 12, 'stdout': '\x1b[0;34mParsed /mnt/e/repos/homelab/inventories/lab/mercurius.yml inventory source with yaml plugin\x1b[0m', 'start_line': 11, 'end_line': 12, 'runner_ident': '697ed0c6-4f02-4dee-a728-96938e875b66', 'created': '2025-12-21T21:12:15.181354+00:00'}
2025-12-21T21:12:16.174927+00:00 ERROR 'ansible_navigator.actions.run_playbook.write_artifact' Saving the artifact file failed, resulted in the following error: f[Errno 13] Permission denied: '/navigator'
Traceback (most recent call last):
  File "/usr/lib/python3.12/pathlib.py", line 1313, in mkdir
    os.mkdir(self, mode)
FileNotFoundError: [Errno 2] No such file or directory: '/navigator/artifacts/playbooks/deploy_homelab'

During handling of the above exception, another exception occurred:

Traceback (most recent call last):
  File "/usr/lib/python3.12/pathlib.py", line 1313, in mkdir
    os.mkdir(self, mode)
FileNotFoundError: [Errno 2] No such file or directory: '/navigator/artifacts/playbooks'

During handling of the above exception, another exception occurred:

Traceback (most recent call last):
  File "/usr/lib/python3.12/pathlib.py", line 1313, in mkdir
    os.mkdir(self, mode)
FileNotFoundError: [Errno 2] No such file or directory: '/navigator/artifacts'

During handling of the above exception, another exception occurred:

Traceback (most recent call last):
  File "/home/jelle/.venvs/ansible-navigator/lib/python3.12/site-packages/ansible_navigator/actions/run.py", line 931, in write_artifact
    Path(Path(filename).parent).mkdir(parents=True, exist_ok=True)
  File "/usr/lib/python3.12/pathlib.py", line 1317, in mkdir
    self.parent.mkdir(parents=True, exist_ok=True)
  File "/usr/lib/python3.12/pathlib.py", line 1317, in mkdir
    self.parent.mkdir(parents=True, exist_ok=True)
  File "/usr/lib/python3.12/pathlib.py", line 1317, in mkdir
    self.parent.mkdir(parents=True, exist_ok=True)
  File "/usr/lib/python3.12/pathlib.py", line 1313, in mkdir
    os.mkdir(self, mode)
PermissionError: [Errno 13] Permission denied: '/navigator'
2025-12-21T21:15:03.525418+00:00 WARNING 'ansible_navigator.main' Path `/navigator/ansible.cfg` does not exist. Falling back to non-strict resolution.
2025-12-21T21:15:04.815626+00:00 CRITICAL 'ansible_navigator.actions.run_playbook._handle_message' Unhandled message from runner queue, discarded: {'event': 'verbose', 'uuid': '5001cb9e-40de-4c03-b388-60fcbe488a17', 'counter': 1, 'stdout': '\x1b[0;34mansible-playbook [core 2.15.13]\x1b[0m', 'start_line': 0, 'end_line': 1, 'runner_ident': '6a2fdf10-6d3a-4fc8-b9ab-65b0c457e250', 'created': '2025-12-21T21:15:04.814074+00:00'}
2025-12-21T21:15:04.815970+00:00 CRITICAL 'ansible_navigator.actions.run_playbook._handle_message' Unhandled message from runner queue, discarded: {'event': 'verbose', 'uuid': '7fea32b1-e69b-41e0-aaa4-23e4bd9c87a7', 'counter': 2, 'stdout': '\x1b[0;34m  config file = /navigator/ansible.cfg\x1b[0m', 'start_line': 1, 'end_line': 2, 'runner_ident': '6a2fdf10-6d3a-4fc8-b9ab-65b0c457e250', 'created': '2025-12-21T21:15:04.814169+00:00'}
2025-12-21T21:15:04.816246+00:00 CRITICAL 'ansible_navigator.actions.run_playbook._handle_message' Unhandled message from runner queue, discarded: {'event': 'verbose', 'uuid': '60558c1f-9e2b-43c3-8cb2-d565528cfd3d', 'counter': 3, 'stdout': "\x1b[0;34m  configured module search path = ['/root/.ansible/plugins/modules', '/usr/share/ansible/plugins/modules']\x1b[0m", 'start_line': 2, 'end_line': 3, 'runner_ident': '6a2fdf10-6d3a-4fc8-b9ab-65b0c457e250', 'created': '2025-12-21T21:15:04.814191+00:00'}
2025-12-21T21:15:04.816483+00:00 CRITICAL 'ansible_navigator.actions.run_playbook._handle_message' Unhandled message from runner queue, discarded: {'event': 'verbose', 'uuid': '4695fdda-8784-4213-b21d-42362d8b5caf', 'counter': 4, 'stdout': '\x1b[0;34m  ansible python module location = /usr/local/lib/python3.9/site-packages/ansible\x1b[0m', 'start_line': 3, 'end_line': 4, 'runner_ident': '6a2fdf10-6d3a-4fc8-b9ab-65b0c457e250', 'created': '2025-12-21T21:15:04.814206+00:00'}
2025-12-21T21:15:04.816719+00:00 CRITICAL 'ansible_navigator.actions.run_playbook._handle_message' Unhandled message from runner queue, discarded: {'event': 'verbose', 'uuid': '739777a0-cdb8-46b9-afa1-9f05f328ceb8', 'counter': 5, 'stdout': '\x1b[0;34m  ansible collection location = /root/.ansible/collections:/usr/share/ansible/collections\x1b[0m', 'start_line': 4, 'end_line': 5, 'runner_ident': '6a2fdf10-6d3a-4fc8-b9ab-65b0c457e250', 'created': '2025-12-21T21:15:04.814218+00:00'}
2025-12-21T21:15:04.817007+00:00 CRITICAL 'ansible_navigator.actions.run_playbook._handle_message' Unhandled message from runner queue, discarded: {'event': 'verbose', 'uuid': 'e420ebb6-ef5d-41bf-8767-3f0480422a62', 'counter': 6, 'stdout': '\x1b[0;34m  executable location = /usr/local/bin/ansible-playbook\x1b[0m', 'start_line': 5, 'end_line': 6, 'runner_ident': '6a2fdf10-6d3a-4fc8-b9ab-65b0c457e250', 'created': '2025-12-21T21:15:04.814229+00:00'}
2025-12-21T21:15:04.817263+00:00 CRITICAL 'ansible_navigator.actions.run_playbook._handle_message' Unhandled message from runner queue, discarded: {'event': 'verbose', 'uuid': '11137c2d-e1d2-4ba3-8fc2-3c5394e7e9df', 'counter': 7, 'stdout': '\x1b[0;34m  python version = 3.9.25 (main, Nov 10 2025, 00:00:00) [GCC 11.5.0 20240719 (Red Hat 11.5.0-11)] (/usr/bin/python3)\x1b[0m', 'start_line': 6, 'end_line': 7, 'runner_ident': '6a2fdf10-6d3a-4fc8-b9ab-65b0c457e250', 'created': '2025-12-21T21:15:04.814240+00:00'}
2025-12-21T21:15:04.817457+00:00 CRITICAL 'ansible_navigator.actions.run_playbook._handle_message' Unhandled message from runner queue, discarded: {'event': 'verbose', 'uuid': 'e12264b5-0c8c-47d3-962f-6340c481c21f', 'counter': 8, 'stdout': '\x1b[0;34m  jinja version = 3.1.6\x1b[0m', 'start_line': 7, 'end_line': 8, 'runner_ident': '6a2fdf10-6d3a-4fc8-b9ab-65b0c457e250', 'created': '2025-12-21T21:15:04.814250+00:00'}
2025-12-21T21:15:04.817666+00:00 CRITICAL 'ansible_navigator.actions.run_playbook._handle_message' Unhandled message from runner queue, discarded: {'event': 'verbose', 'uuid': '22743f68-7f08-48c0-a775-e569b31f75e3', 'counter': 9, 'stdout': '\x1b[0;34m  libyaml = True\x1b[0m', 'start_line': 8, 'end_line': 9, 'runner_ident': '6a2fdf10-6d3a-4fc8-b9ab-65b0c457e250', 'created': '2025-12-21T21:15:04.814260+00:00'}
2025-12-21T21:15:04.817864+00:00 CRITICAL 'ansible_navigator.actions.run_playbook._handle_message' Unhandled message from runner queue, discarded: {'event': 'verbose', 'uuid': 'f738adcc-dd41-4142-8eb0-c9afe9f6d1ff', 'counter': 10, 'stdout': '\x1b[0;34mUsing /navigator/ansible.cfg as config file\x1b[0m', 'start_line': 9, 'end_line': 10, 'runner_ident': '6a2fdf10-6d3a-4fc8-b9ab-65b0c457e250', 'created': '2025-12-21T21:15:04.814271+00:00'}
2025-12-21T21:15:04.888602+00:00 CRITICAL 'ansible_navigator.actions.run_playbook._handle_message' Unhandled message from runner queue, discarded: {'event': 'verbose', 'uuid': 'b7c8c084-4f83-4ee4-8972-06fadf4dcb38', 'counter': 11, 'stdout': '\x1b[0;34mhost_list declined parsing /mnt/e/repos/homelab/inventories/lab/mercurius.yml as it did not pass its verify_file() method\x1b[0m', 'start_line': 10, 'end_line': 11, 'runner_ident': '6a2fdf10-6d3a-4fc8-b9ab-65b0c457e250', 'created': '2025-12-21T21:15:04.885086+00:00'}
2025-12-21T21:15:04.899041+00:00 CRITICAL 'ansible_navigator.actions.run_playbook._handle_message' Unhandled message from runner queue, discarded: {'event': 'verbose', 'uuid': 'ea23fd06-73db-46c2-b5d0-9aaed3b9fd1a', 'counter': 12, 'stdout': '\x1b[0;34mParsed /mnt/e/repos/homelab/inventories/lab/mercurius.yml inventory source with yaml plugin\x1b[0m', 'start_line': 11, 'end_line': 12, 'runner_ident': '6a2fdf10-6d3a-4fc8-b9ab-65b0c457e250', 'created': '2025-12-21T21:15:04.898756+00:00'}
2025-12-21T21:15:06.795233+00:00 ERROR 'ansible_navigator.actions.run_playbook.write_artifact' Saving the artifact file failed, resulted in the following error: f[Errno 13] Permission denied: '/navigator'
Traceback (most recent call last):
  File "/usr/lib/python3.12/pathlib.py", line 1313, in mkdir
    os.mkdir(self, mode)
FileNotFoundError: [Errno 2] No such file or directory: '/navigator/artifacts/playbooks/deploy_homelab'

During handling of the above exception, another exception occurred:

Traceback (most recent call last):
  File "/usr/lib/python3.12/pathlib.py", line 1313, in mkdir
    os.mkdir(self, mode)
FileNotFoundError: [Errno 2] No such file or directory: '/navigator/artifacts/playbooks'

During handling of the above exception, another exception occurred:

Traceback (most recent call last):
  File "/usr/lib/python3.12/pathlib.py", line 1313, in mkdir
    os.mkdir(self, mode)
FileNotFoundError: [Errno 2] No such file or directory: '/navigator/artifacts'

During handling of the above exception, another exception occurred:

Traceback (most recent call last):
  File "/home/jelle/.venvs/ansible-navigator/lib/python3.12/site-packages/ansible_navigator/actions/run.py", line 931, in write_artifact
    Path(Path(filename).parent).mkdir(parents=True, exist_ok=True)
  File "/usr/lib/python3.12/pathlib.py", line 1317, in mkdir
    self.parent.mkdir(parents=True, exist_ok=True)
  File "/usr/lib/python3.12/pathlib.py", line 1317, in mkdir
    self.parent.mkdir(parents=True, exist_ok=True)
  File "/usr/lib/python3.12/pathlib.py", line 1317, in mkdir
    self.parent.mkdir(parents=True, exist_ok=True)
  File "/usr/lib/python3.12/pathlib.py", line 1313, in mkdir
    os.mkdir(self, mode)
PermissionError: [Errno 13] Permission denied: '/navigator'
2025-12-21T21:16:23.066967+00:00 WARNING 'ansible_navigator.main' Path `/navigator/ansible.cfg` does not exist. Falling back to non-strict resolution.
2025-12-21T21:16:26.694340+00:00 ERROR 'ansible_navigator.actions.run_playbook.write_artifact' Saving the artifact file failed, resulted in the following error: f[Errno 13] Permission denied: '/navigator'
Traceback (most recent call last):
  File "/usr/lib/python3.12/pathlib.py", line 1313, in mkdir
    os.mkdir(self, mode)
FileNotFoundError: [Errno 2] No such file or directory: '/navigator/artifacts/playbooks/deploy_homelab'

During handling of the above exception, another exception occurred:

Traceback (most recent call last):
  File "/usr/lib/python3.12/pathlib.py", line 1313, in mkdir
    os.mkdir(self, mode)
FileNotFoundError: [Errno 2] No such file or directory: '/navigator/artifacts/playbooks'

During handling of the above exception, another exception occurred:

Traceback (most recent call last):
  File "/usr/lib/python3.12/pathlib.py", line 1313, in mkdir
    os.mkdir(self, mode)
FileNotFoundError: [Errno 2] No such file or directory: '/navigator/artifacts'

During handling of the above exception, another exception occurred:

Traceback (most recent call last):
  File "/home/jelle/.venvs/ansible-navigator/lib/python3.12/site-packages/ansible_navigator/actions/run.py", line 931, in write_artifact
    Path(Path(filename).parent).mkdir(parents=True, exist_ok=True)
  File "/usr/lib/python3.12/pathlib.py", line 1317, in mkdir
    self.parent.mkdir(parents=True, exist_ok=True)
  File "/usr/lib/python3.12/pathlib.py", line 1317, in mkdir
    self.parent.mkdir(parents=True, exist_ok=True)
  File "/usr/lib/python3.12/pathlib.py", line 1317, in mkdir
    self.parent.mkdir(parents=True, exist_ok=True)
  File "/usr/lib/python3.12/pathlib.py", line 1313, in mkdir
    os.mkdir(self, mode)
PermissionError: [Errno 13] Permission denied: '/navigator'
